<?xml version="1.0" encoding="UTF-8"?>
<!-- Generated by org.testng.reporters.JUnitXMLReporter -->
<testsuite hostname="CarinaE" tests="5" failures="0" timestamp="17 Oct 2016 15:39:28 GMT" time="0.137" errors="0">
  <testcase name="testAdd on testAdd(TestCalculator)" time="0.012" classname="TestCalculator"/>
  <testcase name="testSubtract on testSubtract(TestCalculator)" time="0.0" classname="TestCalculator"/>
  <testcase name="testDivisionByZero on testDivisionByZero(TestCalculator)" time="0.0" classname="TestCalculator"/>
  <testcase name="testDivide on testDivide(TestCalculator)" time="0.0" classname="TestCalculator"/>
  <testcase name="testMultiply on testMultiply(TestCalculator)" time="0.0" classname="TestCalculator"/>
</testsuite>
